<?xml version="1.0" encoding="UTF-8"?>
<!-- Generated by org.testng.reporters.JUnitReportReporter -->
<testsuite hostname="DESKTOP-4TSBSQ7" failures="0" tests="2" name="testcases.LoginTest" time="5.201" errors="0" timestamp="2021-11-22T02:04:18 IST" skipped="1">
  <testcase classname="testcases.LoginTest" name="doLogin" time="5.201"/>
  <system-out/>
  <testcase classname="testcases.LoginTest" name="demoTest">
    <skipped/>
  </testcase> <!-- demoTest -->
  <system-out/>
</testsuite> <!-- testcases.LoginTest -->
