<?xml version="1.0" encoding="UTF-8"?>
<!-- Generated by org.testng.reporters.JUnitReportReporter -->
<testsuite hostname="DESKTOP-4TSBSQ7" failures="0" tests="1" name="com.selenium.testing.SeleniumTestingOne.PageFactoryModelImpl" time="0.183" errors="0" timestamp="2021-12-26T18:02:30 IST" skipped="0">
  <testcase classname="com.selenium.testing.SeleniumTestingOne.PageFactoryModelImpl" name="test" time="0.183"/>
  <system-out/>
</testsuite> <!-- com.selenium.testing.SeleniumTestingOne.PageFactoryModelImpl -->
