<?xml version="1.0" encoding="UTF-8"?>
<!-- Generated by org.testng.reporters.JUnitReportReporter -->
<testsuite hostname="DESKTOP-4TSBSQ7" failures="0" tests="1" name="com.selenium.testing.SeleniumTestingOne.MouseAction" time="115.614" errors="0" timestamp="2021-11-22T21:15:42 IST" skipped="0">
  <testcase classname="com.selenium.testing.SeleniumTestingOne.MouseAction" name="mouseAction" time="115.614"/>
  <system-out/>
</testsuite> <!-- com.selenium.testing.SeleniumTestingOne.MouseAction -->
