<?xml version="1.0" encoding="UTF-8"?>
<!-- Generated by org.testng.reporters.JUnitReportReporter -->
<testsuite hostname="aamir-Vostro-2520" failures="0" tests="1" name="com.selenium.testing.SeleniumTestingOne.DragAndDropTest" time="19.176" errors="0" timestamp="2021-12-14T12:32:35 IST" skipped="0">
  <testcase classname="com.selenium.testing.SeleniumTestingOne.DragAndDropTest" name="dragAndDrop" time="19.176"/>
  <system-out/>
</testsuite> <!-- com.selenium.testing.SeleniumTestingOne.DragAndDropTest -->
