<?xml version="1.0" encoding="UTF-8"?>
<!-- Generated by org.testng.reporters.JUnitReportReporter -->
<testsuite hostname="aamir-Vostro-2520" failures="0" tests="1" name="com.selenium.testing.SeleniumTestingOne.DragAndDropTest" time="23.701" errors="0" timestamp="2021-12-15T11:20:46 IST" skipped="0">
  <testcase classname="com.selenium.testing.SeleniumTestingOne.DragAndDropTest" name="dragAndDrop" time="23.701"/>
  <system-out/>
</testsuite> <!-- com.selenium.testing.SeleniumTestingOne.DragAndDropTest -->
