<?xml version="1.0" encoding="UTF-8"?>
<!-- Generated by org.testng.reporters.JUnitReportReporter -->
<testsuite hostname="aamir-Vostro-2520" failures="0" tests="1" name="com.selenium.testing.SeleniumTestingOne.AppTest" time="0.005" errors="0" timestamp="2021-12-14T11:36:44 IST" skipped="0">
  <testcase classname="com.selenium.testing.SeleniumTestingOne.AppTest" name="testApp" time="0.005"/>
  <system-out/>
</testsuite> <!-- com.selenium.testing.SeleniumTestingOne.AppTest -->
