<?xml version="1.0" encoding="UTF-8"?>
<!-- Generated by org.testng.reporters.JUnitReportReporter -->
<testsuite hostname="DESKTOP-4TSBSQ7" failures="0" tests="1" name="com.selenium.testing.SeleniumTestingOne.LoginTest" time="12.550" errors="0" timestamp="2021-12-24T18:16:05 IST" skipped="0">
  <testcase classname="com.selenium.testing.SeleniumTestingOne.LoginTest" name="login" time="12.550"/>
  <system-out/>
</testsuite> <!-- com.selenium.testing.SeleniumTestingOne.LoginTest -->
