<?xml version="1.0" encoding="UTF-8"?>
<!-- Generated by org.testng.reporters.JUnitReportReporter -->
<testsuite hostname="DESKTOP-4TSBSQ7" failures="0" tests="1" name="com.java.pom.PageObjectModel.Test1" time="9.017" errors="0" timestamp="2021-12-28T22:45:18 IST" skipped="0">
  <testcase classname="com.java.pom.PageObjectModel.Test1" name="login" time="9.017"/>
  <system-out/>
</testsuite> <!-- com.java.pom.PageObjectModel.Test1 -->
