<?xml version="1.0" encoding="UTF-8"?>
<!-- Generated by org.testng.reporters.JUnitReportReporter -->
<testsuite hostname="aamir-Vostro-2520" failures="0" tests="1" name="com.java.pom.PageObjectModel.Test1" time="105.471" errors="0" timestamp="2021-12-11T17:28:21 IST" skipped="0">
  <testcase classname="com.java.pom.PageObjectModel.Test1" name="planTrip" time="105.471"/>
  <system-out/>
</testsuite> <!-- com.java.pom.PageObjectModel.Test1 -->
