<?xml version="1.0" encoding="UTF-8"?>
<!-- Generated by org.testng.reporters.JUnitReportReporter -->
<testsuite hostname="DESKTOP-4TSBSQ7" failures="0" tests="1" name="com.apitest.nsp.ApiTesting.RestClient" time="1.350" errors="0" timestamp="2021-12-27T06:11:43 IST" skipped="0">
  <testcase classname="com.apitest.nsp.ApiTesting.RestClient" name="deleteMethod" time="1.350"/>
  <system-out/>
</testsuite> <!-- com.apitest.nsp.ApiTesting.RestClient -->
