<?xml version="1.0" encoding="UTF-8"?>
<!-- Generated by org.testng.reporters.JUnitReportReporter -->
<testsuite hostname="aamir-Vostro-2520" failures="0" tests="1" name="com.apitest.nsp.ApiTesting.RestClient" time="4.906" errors="0" timestamp="2021-12-09T15:16:43 IST" skipped="0">
  <testcase classname="com.apitest.nsp.ApiTesting.RestClient" name="getMethod" time="4.906"/>
  <system-out/>
</testsuite> <!-- com.apitest.nsp.ApiTesting.RestClient -->
