<?xml version="1.0" encoding="UTF-8"?>
<!-- Generated by org.testng.reporters.JUnitReportReporter -->
<testsuite hostname="aamir-Vostro-2520" failures="0" tests="1" name="com.apitest.nsp.ApiTesting.RestClient" time="5.018" errors="0" timestamp="2021-12-08T10:27:40 IST" skipped="0">
  <testcase classname="com.apitest.nsp.ApiTesting.RestClient" name="getMethod" time="5.018"/>
  <system-out/>
</testsuite> <!-- com.apitest.nsp.ApiTesting.RestClient -->
